<?xml version="1.0" encoding="UTF-8"?>
<!-- Generated by org.testng.reporters.JUnitXMLReporter -->
<testsuite ignored="0" hostname="mamipapsal" failures="0" tests="9" name="Default test" time="25.736" errors="0" timestamp="2024-08-23T07:50:58 IST">
  <testcase classname="com.runner.SwagRunner" name="invalidUsernameValidPassword" time="1.57"/>
  <testcase classname="com.runner.SwagRunner" name="emptyCredential" time="1.359"/>
  <testcase classname="com.runner.SwagRunner" name="validUserEmptyPassword" time="0.807"/>
  <testcase classname="com.runner.SwagRunner" name="validLogin" time="0.918"/>
  <testcase classname="com.runner.SwagRunner" name="order1Placed" time="1.587"/>
  <testcase classname="com.runner.SwagRunner" name="order2Placed" time="1.414"/>
  <testcase classname="com.runner.SwagRunner" name="order3Placed" time="1.551"/>
  <testcase classname="com.runner.SwagRunner" name="order4Placed" time="1.341"/>
  <testcase classname="com.runner.SwagRunner" name="order5Placed" time="1.521"/>
</testsuite> <!-- Default test -->
