<?xml version="1.0" encoding="UTF-8"?>
<!-- Generated by org.testng.reporters.JUnitXMLReporter -->
<testsuite ignored="0" hostname="mamipapsal" failures="0" tests="9" name="Test" time="33.285" errors="0" timestamp="2024-08-23T09:36:11 IST">
  <testcase classname="com.runner.SwagRunner" name="invalidUsernameValidPassword" time="0.816"/>
  <testcase classname="com.runner.SwagRunner" name="emptyCredential" time="0.659"/>
  <testcase classname="com.runner.SwagRunner" name="validUserEmptyPassword" time="0.728"/>
  <testcase classname="com.runner.SwagRunner" name="validLogin" time="0.817"/>
  <testcase classname="com.runner.SwagRunner" name="order1Placed" time="1.245"/>
  <testcase classname="com.runner.SwagRunner" name="order2Placed" time="1.173"/>
  <testcase classname="com.runner.SwagRunner" name="order3Placed" time="10.609"/>
  <testcase classname="com.runner.SwagRunner" name="order4Placed" time="1.531"/>
  <testcase classname="com.runner.SwagRunner" name="order5Placed" time="2.123"/>
</testsuite> <!-- Test -->
